<?xml version="1.0" encoding="UTF-8"?>
<!-- Generated by org.testng.reporters.JUnitReportReporter -->
<testsuite skipped="0" hostname="DESKTOP-P7PIGAP" name="tests.SocialNetworkTest" tests="4" failures="1" timestamp="2022-03-14T23:11:16 CET" time="29.823" errors="0">
  <testcase name="redirectToYoutube" time="8.579" classname="tests.SocialNetworkTest">
    <failure type="java.lang.AssertionError" message="Wrong URL. Expected: https://www.facebook.com/LagunaKnjige/ . Actual: https://www.youtube.com/user/lagunaknjige">
      <![CDATA[java.lang.AssertionError: Wrong URL. Expected: https://www.facebook.com/LagunaKnjige/ . Actual: https://www.youtube.com/user/lagunaknjige
at tests.BaseTest.assertUrl(BaseTest.java:54)
at tests.SocialNetworkTest.redirectToYoutube(SocialNetworkTest.java:148)
at sun.reflect.NativeMethodAccessorImpl.invoke0(Native Method)
at sun.reflect.NativeMethodAccessorImpl.invoke(NativeMethodAccessorImpl.java:62)
at sun.reflect.DelegatingMethodAccessorImpl.invoke(DelegatingMethodAccessorImpl.java:43)
at java.lang.reflect.Method.invoke(Method.java:498)
at org.testng.internal.MethodInvocationHelper.invokeMethod(MethodInvocationHelper.java:133)
at org.testng.internal.TestInvoker.invokeMethod(TestInvoker.java:598)
at org.testng.internal.TestInvoker.invokeTestMethod(TestInvoker.java:173)
at org.testng.internal.MethodRunner.runInSequence(MethodRunner.java:46)
at org.testng.internal.TestInvoker$MethodInvocationAgent.invoke(TestInvoker.java:824)
at org.testng.internal.TestInvoker.invokeTestMethods(TestInvoker.java:146)
at org.testng.internal.TestMethodWorker.invokeTestMethods(TestMethodWorker.java:146)
at org.testng.internal.TestMethodWorker.run(TestMethodWorker.java:128)
at java.util.ArrayList.forEach(ArrayList.java:1249)
at org.testng.TestRunner.privateRun(TestRunner.java:794)
at org.testng.TestRunner.run(TestRunner.java:596)
at org.testng.SuiteRunner.runTest(SuiteRunner.java:377)
at org.testng.SuiteRunner.runSequentially(SuiteRunner.java:371)
at org.testng.SuiteRunner.privateRun(SuiteRunner.java:332)
at org.testng.SuiteRunner.run(SuiteRunner.java:276)
at org.testng.SuiteRunnerWorker.runSuite(SuiteRunnerWorker.java:53)
at org.testng.SuiteRunnerWorker.run(SuiteRunnerWorker.java:96)
at org.testng.TestNG.runSuitesSequentially(TestNG.java:1212)
at org.testng.TestNG.runSuitesLocally(TestNG.java:1134)
at org.testng.TestNG.runSuites(TestNG.java:1063)
at org.testng.TestNG.run(TestNG.java:1031)
at com.intellij.rt.testng.IDEARemoteTestNG.run(IDEARemoteTestNG.java:66)
at com.intellij.rt.testng.RemoteTestNGStarter.main(RemoteTestNGStarter.java:109)
]]>
    </failure>
  </testcase> <!-- redirectToYoutube -->
  <system-out>
    <![CDATA[assert 2.1 Confirm that you are on https://www.youtube.com/user/lagunaknjige"]]>
  </system-out>
  <testcase name="redirectToInstagram" time="7.364" classname="tests.SocialNetworkTest"/>
  <system-out>
    <![CDATA[assert 2.1 Confirm that you are on https://www.instagram.com/laguna_knjige/]]>
  </system-out>
  <testcase name="redirectToFacebook" time="7.459" classname="tests.SocialNetworkTest"/>
  <system-out>
    <![CDATA[assert 2.1 Confirm that you are on https://www.facebook.com/LagunaKnjige/]]>
  </system-out>
  <testcase name="redirectToTwitter" time="6.421" classname="tests.SocialNetworkTest"/>
  <system-out>
    <![CDATA[assert 2.1 Confirm that you are on https://twitter.com/IPLaguna]]>
  </system-out>
</testsuite> <!-- tests.SocialNetworkTest -->
